2019-05-02 02:04:42,468 FATAL c.e.Circle [main] Testing logger hierarchy
2019-05-02 02:04:42,785 INFO c.e.Circle [pool-2-thread-2] Radius of Circle: 5.0
2019-05-02 02:04:42,785 INFO c.e.Circle [pool-2-thread-2] Area of Circle: 78.54
2019-05-02 02:04:42,785 INFO c.e.Circle [pool-2-thread-2] Circumference of Circle: 31.416
2019-05-02 02:04:42,785 INFO c.e.Circle [pool-2-thread-1] Radius of Circle: 5.0
2019-05-02 02:04:42,785 INFO c.e.Circle [pool-2-thread-1] Area of Circle: 78.54
2019-05-02 02:04:42,785 INFO c.e.Circle [pool-2-thread-1] Circumference of Circle: 31.416
[41mFATAL[m - [33m2019-05-02 02:06:13,654[m -  Testing logger hierarchy
[32mINFO [m - [33m2019-05-02 02:06:13,955[m -  Radius of Circle: 5.0
[32mINFO [m - [33m2019-05-02 02:06:13,955[m -  Radius of Circle: 5.0
[32mINFO [m - [33m2019-05-02 02:06:13,955[m -  Area of Circle: 78.54
[32mINFO [m - [33m2019-05-02 02:06:13,955[m -  Area of Circle: 78.54
[32mINFO [m - [33m2019-05-02 02:06:13,955[m -  Circumference of Circle: 31.416
[32mINFO [m - [33m2019-05-02 02:06:13,955[m -  Circumference of Circle: 31.416
[41mFATAL[m -                 [33m2019-05-02 02:07:24,674[m - Testing logger hierarchy
[32mINFO [m -                 [33m2019-05-02 02:07:24,975[m - Radius of Circle: 5.0
[32mINFO [m -                 [33m2019-05-02 02:07:24,975[m - Area of Circle: 78.54
[32mINFO [m -                 [33m2019-05-02 02:07:24,975[m - Radius of Circle: 5.0
[32mINFO [m -                 [33m2019-05-02 02:07:24,975[m - Circumference of Circle: 31.416
[32mINFO [m -                 [33m2019-05-02 02:07:24,975[m - Area of Circle: 78.54
[32mINFO [m -                 [33m2019-05-02 02:07:24,975[m - Circumference of Circle: 31.416
